c:\users\richard\desktop\windows phone programming\wikipedia\wikipedia\arm\debug\wikipedia.pch
c:\users\richard\desktop\windows phone programming\wikipedia\wikipedia\arm\debug\vc120.pdb
c:\users\richard\desktop\windows phone programming\wikipedia\wikipedia\arm\debug\pch.obj
c:\users\richard\desktop\windows phone programming\wikipedia\wikipedia\arm\debug\article.obj
c:\users\richard\desktop\windows phone programming\wikipedia\wikipedia\arm\debug\relaycommand.obj
c:\users\richard\desktop\windows phone programming\wikipedia\wikipedia\arm\debug\helperfunctions.obj
c:\users\richard\desktop\windows phone programming\wikipedia\wikipedia\arm\debug\languagescontentdialog.xaml.obj
c:\users\richard\desktop\windows phone programming\wikipedia\wikipedia\arm\debug\previewpage.xaml.obj
c:\users\richard\desktop\windows phone programming\wikipedia\wikipedia\arm\debug\searchcontentdialog.xaml.obj
c:\users\richard\desktop\windows phone programming\wikipedia\wikipedia\arm\debug\navigationhelper.obj
c:\users\richard\desktop\windows phone programming\wikipedia\wikipedia\arm\debug\editpage.xaml.obj
c:\users\richard\desktop\windows phone programming\wikipedia\wikipedia\arm\debug\savepage.xaml.obj
c:\users\richard\desktop\windows phone programming\wikipedia\wikipedia\arm\debug\searchresultusercontrol.xaml.obj
c:\users\richard\desktop\windows phone programming\wikipedia\wikipedia\arm\debug\xamltypeinfo.impl.g.obj
c:\users\richard\desktop\windows phone programming\wikipedia\wikipedia\arm\debug\aboutpage.xaml.obj
c:\users\richard\desktop\windows phone programming\wikipedia\wikipedia\arm\debug\languagesentryusercontrol.xaml.obj
c:\users\richard\desktop\windows phone programming\wikipedia\wikipedia\arm\debug\mainpage.xaml.obj
c:\users\richard\desktop\windows phone programming\wikipedia\wikipedia\arm\debug\app.xaml.obj
c:\users\richard\desktop\windows phone programming\wikipedia\wikipedia\arm\debug\suspensionmanager.obj
c:\users\richard\desktop\windows phone programming\wikipedia\wikipedia\arm\debug\loginpage.xaml.obj
c:\users\richard\desktop\windows phone programming\wikipedia\wikipedia\arm\debug\toccontentdialog.xaml.obj
c:\users\richard\desktop\windows phone programming\wikipedia\wikipedia\arm\debug\tocentryusercontrol.xaml.obj
c:\users\richard\desktop\windows phone programming\wikipedia\wikipedia\arm\debug\xamltypeinfo.g.obj
c:\users\richard\desktop\windows phone programming\wikipedia\wikipedia\arm\debug\wikipedia.tlog\wikipedia.winmd.lastbuild
c:\users\richard\desktop\windows phone programming\wikipedia\arm\debug\wikipedia\wikipedia.ilk
c:\users\richard\desktop\windows phone programming\wikipedia\arm\debug\wikipedia\wikipedia.exe
c:\users\richard\desktop\windows phone programming\wikipedia\arm\debug\wikipedia\wikipedia.pdb
c:\users\richard\desktop\windows phone programming\wikipedia\arm\debug\wikipedia\wikipedia.winmd
c:\users\richard\desktop\windows phone programming\wikipedia\wikipedia\generated files\app.g.h
c:\users\richard\desktop\windows phone programming\wikipedia\wikipedia\generated files\aboutpage.g.h
c:\users\richard\desktop\windows phone programming\wikipedia\wikipedia\generated files\editpage.g.h
c:\users\richard\desktop\windows phone programming\wikipedia\wikipedia\generated files\languagescontentdialog.g.h
c:\users\richard\desktop\windows phone programming\wikipedia\wikipedia\generated files\languagesentryusercontrol.g.h
c:\users\richard\desktop\windows phone programming\wikipedia\wikipedia\generated files\loginpage.g.h
c:\users\richard\desktop\windows phone programming\wikipedia\wikipedia\generated files\mainpage.g.h
c:\users\richard\desktop\windows phone programming\wikipedia\wikipedia\generated files\previewpage.g.h
c:\users\richard\desktop\windows phone programming\wikipedia\wikipedia\generated files\savepage.g.h
c:\users\richard\desktop\windows phone programming\wikipedia\wikipedia\generated files\searchcontentdialog.g.h
c:\users\richard\desktop\windows phone programming\wikipedia\wikipedia\generated files\searchresultusercontrol.g.h
c:\users\richard\desktop\windows phone programming\wikipedia\wikipedia\generated files\toccontentdialog.g.h
c:\users\richard\desktop\windows phone programming\wikipedia\wikipedia\generated files\tocentryusercontrol.g.h
c:\users\richard\desktop\windows phone programming\wikipedia\wikipedia\generated files\xamllibmetadataprovider.g.cpp
c:\users\richard\desktop\windows phone programming\wikipedia\wikipedia\generated files\xamltypeinfo.impl.g.cpp
c:\users\richard\desktop\windows phone programming\wikipedia\wikipedia\arm\debug\xamlsavestatefile.xml
c:\users\richard\desktop\windows phone programming\wikipedia\wikipedia\generated files\app.g.hpp
c:\users\richard\desktop\windows phone programming\wikipedia\wikipedia\generated files\aboutpage.g.hpp
c:\users\richard\desktop\windows phone programming\wikipedia\wikipedia\generated files\editpage.g.hpp
c:\users\richard\desktop\windows phone programming\wikipedia\wikipedia\generated files\languagescontentdialog.g.hpp
c:\users\richard\desktop\windows phone programming\wikipedia\wikipedia\generated files\languagesentryusercontrol.g.hpp
c:\users\richard\desktop\windows phone programming\wikipedia\wikipedia\generated files\loginpage.g.hpp
c:\users\richard\desktop\windows phone programming\wikipedia\wikipedia\generated files\mainpage.g.hpp
c:\users\richard\desktop\windows phone programming\wikipedia\wikipedia\generated files\previewpage.g.hpp
c:\users\richard\desktop\windows phone programming\wikipedia\wikipedia\generated files\savepage.g.hpp
c:\users\richard\desktop\windows phone programming\wikipedia\wikipedia\generated files\searchcontentdialog.g.hpp
c:\users\richard\desktop\windows phone programming\wikipedia\wikipedia\generated files\searchresultusercontrol.g.hpp
c:\users\richard\desktop\windows phone programming\wikipedia\wikipedia\generated files\toccontentdialog.g.hpp
c:\users\richard\desktop\windows phone programming\wikipedia\wikipedia\generated files\tocentryusercontrol.g.hpp
c:\users\richard\desktop\windows phone programming\wikipedia\wikipedia\generated files\xamltypeinfo.g.cpp
c:\users\richard\desktop\windows phone programming\wikipedia\wikipedia\generated files\app.xaml
c:\users\richard\desktop\windows phone programming\wikipedia\wikipedia\generated files\aboutpage.xaml
c:\users\richard\desktop\windows phone programming\wikipedia\wikipedia\generated files\editpage.xaml
c:\users\richard\desktop\windows phone programming\wikipedia\wikipedia\generated files\languagescontentdialog.xaml
c:\users\richard\desktop\windows phone programming\wikipedia\wikipedia\generated files\languagesentryusercontrol.xaml
c:\users\richard\desktop\windows phone programming\wikipedia\wikipedia\generated files\loginpage.xaml
c:\users\richard\desktop\windows phone programming\wikipedia\wikipedia\generated files\mainpage.xaml
c:\users\richard\desktop\windows phone programming\wikipedia\wikipedia\generated files\previewpage.xaml
c:\users\richard\desktop\windows phone programming\wikipedia\wikipedia\generated files\savepage.xaml
c:\users\richard\desktop\windows phone programming\wikipedia\wikipedia\generated files\searchcontentdialog.xaml
c:\users\richard\desktop\windows phone programming\wikipedia\wikipedia\generated files\searchresultusercontrol.xaml
c:\users\richard\desktop\windows phone programming\wikipedia\wikipedia\generated files\toccontentdialog.xaml
c:\users\richard\desktop\windows phone programming\wikipedia\wikipedia\generated files\tocentryusercontrol.xaml
c:\users\richard\desktop\windows phone programming\wikipedia\wikipedia\generated files\app.xbf
c:\users\richard\desktop\windows phone programming\wikipedia\wikipedia\generated files\aboutpage.xbf
c:\users\richard\desktop\windows phone programming\wikipedia\wikipedia\generated files\editpage.xbf
c:\users\richard\desktop\windows phone programming\wikipedia\wikipedia\generated files\languagescontentdialog.xbf
c:\users\richard\desktop\windows phone programming\wikipedia\wikipedia\generated files\languagesentryusercontrol.xbf
c:\users\richard\desktop\windows phone programming\wikipedia\wikipedia\generated files\loginpage.xbf
c:\users\richard\desktop\windows phone programming\wikipedia\wikipedia\generated files\mainpage.xbf
c:\users\richard\desktop\windows phone programming\wikipedia\wikipedia\generated files\previewpage.xbf
c:\users\richard\desktop\windows phone programming\wikipedia\wikipedia\generated files\savepage.xbf
c:\users\richard\desktop\windows phone programming\wikipedia\wikipedia\generated files\searchcontentdialog.xbf
c:\users\richard\desktop\windows phone programming\wikipedia\wikipedia\generated files\searchresultusercontrol.xbf
c:\users\richard\desktop\windows phone programming\wikipedia\wikipedia\generated files\toccontentdialog.xbf
c:\users\richard\desktop\windows phone programming\wikipedia\wikipedia\generated files\tocentryusercontrol.xbf
c:\users\richard\desktop\windows phone programming\wikipedia\arm\debug\wikipedia\app.xbf
c:\users\richard\desktop\windows phone programming\wikipedia\arm\debug\wikipedia\aboutpage.xbf
c:\users\richard\desktop\windows phone programming\wikipedia\arm\debug\wikipedia\editpage.xbf
c:\users\richard\desktop\windows phone programming\wikipedia\arm\debug\wikipedia\languagescontentdialog.xbf
c:\users\richard\desktop\windows phone programming\wikipedia\arm\debug\wikipedia\languagesentryusercontrol.xbf
c:\users\richard\desktop\windows phone programming\wikipedia\arm\debug\wikipedia\loginpage.xbf
c:\users\richard\desktop\windows phone programming\wikipedia\arm\debug\wikipedia\mainpage.xbf
c:\users\richard\desktop\windows phone programming\wikipedia\arm\debug\wikipedia\previewpage.xbf
c:\users\richard\desktop\windows phone programming\wikipedia\arm\debug\wikipedia\savepage.xbf
c:\users\richard\desktop\windows phone programming\wikipedia\arm\debug\wikipedia\searchcontentdialog.xbf
c:\users\richard\desktop\windows phone programming\wikipedia\arm\debug\wikipedia\searchresultusercontrol.xbf
c:\users\richard\desktop\windows phone programming\wikipedia\arm\debug\wikipedia\toccontentdialog.xbf
c:\users\richard\desktop\windows phone programming\wikipedia\arm\debug\wikipedia\tocentryusercontrol.xbf
c:\users\richard\desktop\windows phone programming\wikipedia\wikipedia\arm\debug\priconfig.xml
c:\users\richard\desktop\windows phone programming\wikipedia\wikipedia\arm\debug\priconfig.xml.intermediate
c:\users\richard\desktop\windows phone programming\wikipedia\wikipedia\arm\debug\layout.resfiles
c:\users\richard\desktop\windows phone programming\wikipedia\wikipedia\arm\debug\layout.resfiles.intermediate
c:\users\richard\desktop\windows phone programming\wikipedia\wikipedia\arm\debug\resources.resfiles
c:\users\richard\desktop\windows phone programming\wikipedia\wikipedia\arm\debug\resources.resfiles.intermediate
c:\users\richard\desktop\windows phone programming\wikipedia\wikipedia\arm\debug\pri.resfiles
c:\users\richard\desktop\windows phone programming\wikipedia\wikipedia\arm\debug\pri.resfiles.intermediate
c:\users\richard\desktop\windows phone programming\wikipedia\arm\debug\wikipedia\resources.pri
c:\users\richard\desktop\windows phone programming\wikipedia\wikipedia\arm\debug\qualifiers.txt
c:\users\richard\desktop\windows phone programming\wikipedia\wikipedia\arm\debug\qualifiers.txt.intermediate
c:\users\richard\desktop\windows phone programming\wikipedia\wikipedia\arm\debug\multiplequalifiersperdimensionfound.txt
c:\users\richard\desktop\windows phone programming\wikipedia\wikipedia\arm\debug\projectarchitectures.txt
c:\users\richard\desktop\windows phone programming\wikipedia\arm\debug\wikipedia\appxmanifest.xml
c:\users\richard\desktop\windows phone programming\wikipedia\arm\debug\wikipedia\wikipedia.build.appxrecipe
c:\users\richard\desktop\windows phone programming\wikipedia\wikipedia\arm\debug\wikipedia.vcxprojresolveassemblyreference.cache
c:\users\richard\desktop\windows phone programming\wikipedia\wikipedia\arm\debug\wikipedia.tlog\cl.command.1.tlog
c:\users\richard\desktop\windows phone programming\wikipedia\wikipedia\arm\debug\wikipedia.tlog\cl.read.1.tlog
c:\users\richard\desktop\windows phone programming\wikipedia\wikipedia\arm\debug\wikipedia.tlog\cl.write.1.tlog
c:\users\richard\desktop\windows phone programming\wikipedia\wikipedia\arm\debug\wikipedia.tlog\link.command.1.tlog
c:\users\richard\desktop\windows phone programming\wikipedia\wikipedia\arm\debug\wikipedia.tlog\link.read.1.tlog
c:\users\richard\desktop\windows phone programming\wikipedia\wikipedia\arm\debug\wikipedia.tlog\link.write.1.tlog
c:\users\richard\desktop\windows phone programming\wikipedia\wikipedia\arm\debug\wikipedia.tlog\wikipedia.read.1u.tlog
c:\users\richard\desktop\windows phone programming\wikipedia\wikipedia\arm\debug\wikipedia.tlog\wikipedia.write.1u.tlog
c:\users\richard\desktop\windows phone programming\wikipedia\wikipedia\generated files\xamltypeinfo.g.h
